[Mon Apr  1 13:12:10 2013] [debug] GET / (Mozilla/5.0 (X11; Linux i686) AppleWebKit/537.31 (KHTML, like Gecko) Chrome/26.0.1410.43 Safari/537.31).
[Mon Apr  1 13:12:10 2013] [debug] Routing to controller "PhoneConfiguration::Phones" and action "main".
[Mon Apr  1 13:12:10 2013] [debug] Rendering template "phones/main.html.ep".
[Mon Apr  1 13:12:10 2013] [debug] Rendering template "layouts/default.html.ep".
[Mon Apr  1 13:12:10 2013] [debug] 200 OK (0.099960s, 10.004/s).
[Mon Apr  1 13:12:10 2013] [debug] Not defined

[Mon Apr  1 13:12:14 2013] [debug] GET /users (Mozilla/5.0 (X11; Linux i686) AppleWebKit/537.31 (KHTML, like Gecko) Chrome/26.0.1410.43 Safari/537.31).
[Mon Apr  1 13:12:14 2013] [debug] Routing to controller "PhoneConfiguration::Phones" and action "users".
[Mon Apr  1 13:12:14 2013] [debug] users
[Mon Apr  1 13:12:14 2013] [debug] Rendering template "phones/users.html.ep".
[Mon Apr  1 13:12:14 2013] [debug] Rendering template "layouts/default.html.ep".
[Mon Apr  1 13:12:14 2013] [debug] 200 OK (0.020582s, 48.586/s).
[Mon Apr  1 13:15:24 2013] [debug] GET / (Mozilla/5.0 (X11; Linux i686) AppleWebKit/537.31 (KHTML, like Gecko) Chrome/26.0.1410.43 Safari/537.31).
[Mon Apr  1 13:15:24 2013] [debug] Routing to controller "PhoneConfiguration::Phones" and action "main".
[Mon Apr  1 13:15:24 2013] [debug] Rendering template "phones/main.html.ep".
[Mon Apr  1 13:15:24 2013] [debug] Rendering template "layouts/default.html.ep".
[Mon Apr  1 13:15:24 2013] [debug] 200 OK (0.285177s, 3.507/s).
[Mon Apr  1 13:15:24 2013] [debug] Not defined

[Mon Apr  1 13:15:27 2013] [debug] GET /users (Mozilla/5.0 (X11; Linux i686) AppleWebKit/537.31 (KHTML, like Gecko) Chrome/26.0.1410.43 Safari/537.31).
[Mon Apr  1 13:15:27 2013] [debug] Routing to controller "PhoneConfiguration::Phones" and action "users".
[Mon Apr  1 13:15:27 2013] [debug] users
[Mon Apr  1 13:15:27 2013] [debug] Rendering template "phones/users.html.ep".
[Mon Apr  1 13:15:27 2013] [debug] Rendering template "layouts/default.html.ep".
[Mon Apr  1 13:15:27 2013] [debug] 200 OK (0.020948s, 47.737/s).
[Mon Apr  1 13:17:53 2013] [debug] GET /users (Mozilla/5.0 (X11; Linux i686) AppleWebKit/537.31 (KHTML, like Gecko) Chrome/26.0.1410.43 Safari/537.31).
[Mon Apr  1 13:17:53 2013] [debug] Routing to controller "PhoneConfiguration::Phones" and action "users".
[Mon Apr  1 13:17:53 2013] [debug] users
[Mon Apr  1 13:17:53 2013] [debug] Rendering cached template phones/users.html.ep.
[Mon Apr  1 13:17:53 2013] [debug] Rendering cached template layouts/default.html.ep.
[Mon Apr  1 13:17:53 2013] [debug] 200 OK (0.004976s, 200.965/s).
[Mon Apr  1 13:17:54 2013] [debug] GET /users (Mozilla/5.0 (X11; Linux i686) AppleWebKit/537.31 (KHTML, like Gecko) Chrome/26.0.1410.43 Safari/537.31).
[Mon Apr  1 13:17:54 2013] [debug] Routing to controller "PhoneConfiguration::Phones" and action "users".
[Mon Apr  1 13:17:54 2013] [debug] users
[Mon Apr  1 13:17:54 2013] [debug] Rendering cached template phones/users.html.ep.
[Mon Apr  1 13:17:54 2013] [debug] Rendering cached template layouts/default.html.ep.
[Mon Apr  1 13:17:54 2013] [debug] 200 OK (0.005266s, 189.897/s).
[Mon Apr  1 13:17:54 2013] [debug] GET /users (Mozilla/5.0 (X11; Linux i686) AppleWebKit/537.31 (KHTML, like Gecko) Chrome/26.0.1410.43 Safari/537.31).
[Mon Apr  1 13:17:54 2013] [debug] Routing to controller "PhoneConfiguration::Phones" and action "users".
[Mon Apr  1 13:17:54 2013] [debug] users
[Mon Apr  1 13:17:54 2013] [debug] Rendering cached template phones/users.html.ep.
[Mon Apr  1 13:17:54 2013] [debug] Rendering cached template layouts/default.html.ep.
[Mon Apr  1 13:17:54 2013] [debug] 200 OK (0.002937s, 340.483/s).
[Mon Apr  1 13:17:54 2013] [debug] GET /users (Mozilla/5.0 (X11; Linux i686) AppleWebKit/537.31 (KHTML, like Gecko) Chrome/26.0.1410.43 Safari/537.31).
[Mon Apr  1 13:17:54 2013] [debug] Routing to controller "PhoneConfiguration::Phones" and action "users".
[Mon Apr  1 13:17:54 2013] [debug] users
[Mon Apr  1 13:17:54 2013] [debug] Rendering cached template phones/users.html.ep.
[Mon Apr  1 13:17:54 2013] [debug] Rendering cached template layouts/default.html.ep.
[Mon Apr  1 13:17:54 2013] [debug] 200 OK (0.005074s, 197.083/s).
[Mon Apr  1 13:19:06 2013] [debug] GET /users (Mozilla/5.0 (X11; Linux i686) AppleWebKit/537.31 (KHTML, like Gecko) Chrome/26.0.1410.43 Safari/537.31).
[Mon Apr  1 13:19:06 2013] [debug] Routing to controller "PhoneConfiguration::Phones" and action "users".
[Mon Apr  1 13:19:06 2013] [debug] users
[Mon Apr  1 13:19:06 2013] [debug] Rendering template "phones/users.html.ep".
[Mon Apr  1 13:19:06 2013] [debug] Rendering template "layouts/default.html.ep".
[Mon Apr  1 13:19:06 2013] [debug] 200 OK (0.098495s, 10.153/s).
[Mon Apr  1 13:19:07 2013] [debug] GET /users (Mozilla/5.0 (X11; Linux i686) AppleWebKit/537.31 (KHTML, like Gecko) Chrome/26.0.1410.43 Safari/537.31).
[Mon Apr  1 13:19:07 2013] [debug] Routing to controller "PhoneConfiguration::Phones" and action "users".
[Mon Apr  1 13:19:07 2013] [debug] users
[Mon Apr  1 13:19:07 2013] [debug] Rendering cached template phones/users.html.ep.
[Mon Apr  1 13:19:07 2013] [debug] Rendering cached template layouts/default.html.ep.
[Mon Apr  1 13:19:07 2013] [debug] 200 OK (0.005001s, 199.960/s).
[Mon Apr  1 13:20:40 2013] [debug] GET /users (Mozilla/5.0 (X11; Linux i686) AppleWebKit/537.31 (KHTML, like Gecko) Chrome/26.0.1410.43 Safari/537.31).
[Mon Apr  1 13:20:40 2013] [debug] Routing to controller "PhoneConfiguration::Phones" and action "users".
[Mon Apr  1 13:20:40 2013] [debug] users
[Mon Apr  1 13:20:40 2013] [debug] Rendering template "phones/users.html.ep".
[Mon Apr  1 13:20:40 2013] [debug] Rendering template "layouts/default.html.ep".
[Mon Apr  1 13:20:40 2013] [debug] 200 OK (0.129384s, 7.729/s).
[Mon Apr  1 13:20:56 2013] [debug] GET /users (Mozilla/5.0 (X11; Linux i686) AppleWebKit/537.31 (KHTML, like Gecko) Chrome/26.0.1410.43 Safari/537.31).
[Mon Apr  1 13:20:56 2013] [debug] Routing to controller "PhoneConfiguration::Phones" and action "users".
[Mon Apr  1 13:20:57 2013] [debug] users
[Mon Apr  1 13:20:57 2013] [debug] Rendering template "phones/users.html.ep".
[Mon Apr  1 13:20:57 2013] [debug] Rendering template "layouts/default.html.ep".
[Mon Apr  1 13:20:57 2013] [debug] 200 OK (0.100290s, 9.971/s).
